[debug] [2020-09-13T17:13:22.244Z] ----------------------------------------------------------------------
[debug] [2020-09-13T17:13:22.245Z] Command:       /Users/muaviausmani/.nvm/versions/node/v12.16.1/bin/node /Users/muaviausmani/.nvm/versions/node/v12.16.1/bin/firebase deploy
[debug] [2020-09-13T17:13:22.245Z] CLI Version:   8.10.0
[debug] [2020-09-13T17:13:22.246Z] Platform:      darwin
[debug] [2020-09-13T17:13:22.246Z] Node Version:  v12.16.1
[debug] [2020-09-13T17:13:22.246Z] Time:          Sun Sep 13 2020 22:13:22 GMT+0500 (Pakistan Standard Time)
[debug] [2020-09-13T17:13:22.246Z] ----------------------------------------------------------------------
[debug] [2020-09-13T17:13:22.246Z] 
[debug] [2020-09-13T17:13:22.254Z] > command requires scopes: ["email","openid","https://www.googleapis.com/auth/cloudplatformprojects.readonly","https://www.googleapis.com/auth/firebase","https://www.googleapis.com/auth/cloud-platform"]
[debug] [2020-09-13T17:13:22.255Z] > authorizing via signed-in user
[debug] [2020-09-13T17:13:22.255Z] [iam] checking project productgrid-8bc97 for permissions ["firebase.projects.get","firebasehosting.sites.update"]
[debug] [2020-09-13T17:13:22.257Z] > refreshing access token with scopes: ["email","https://www.googleapis.com/auth/cloud-platform","https://www.googleapis.com/auth/cloudplatformprojects.readonly","https://www.googleapis.com/auth/firebase","openid"]
[debug] [2020-09-13T17:13:22.257Z] >>> HTTP REQUEST POST https://www.googleapis.com/oauth2/v3/token  
 <request body omitted>
[debug] [2020-09-13T17:13:22.773Z] <<< HTTP RESPONSE 200 {"content-type":"application/json; charset=utf-8","vary":"X-Origin, Referer, Origin,Accept-Encoding","date":"Sun, 13 Sep 2020 17:13:22 GMT","server":"scaffolding on HTTPServer2","cache-control":"private","x-xss-protection":"0","x-frame-options":"SAMEORIGIN","x-content-type-options":"nosniff","alt-svc":"h3-29=\":443\"; ma=2592000,h3-27=\":443\"; ma=2592000,h3-T051=\":443\"; ma=2592000,h3-T050=\":443\"; ma=2592000,h3-Q050=\":443\"; ma=2592000,h3-Q046=\":443\"; ma=2592000,h3-Q043=\":443\"; ma=2592000,quic=\":443\"; ma=2592000; v=\"46,43\"","accept-ranges":"none","transfer-encoding":"chunked"}
[debug] [2020-09-13T17:13:22.787Z] >>> HTTP REQUEST POST https://cloudresourcemanager.googleapis.com/v1/projects/productgrid-8bc97:testIamPermissions  
 {"permissions":["firebase.projects.get","firebasehosting.sites.update"]}
[debug] [2020-09-13T17:13:24.449Z] <<< HTTP RESPONSE 200 {"content-type":"application/json; charset=UTF-8","vary":"X-Origin, Referer, Origin,Accept-Encoding","date":"Sun, 13 Sep 2020 17:13:24 GMT","server":"ESF","cache-control":"private","x-xss-protection":"0","x-frame-options":"SAMEORIGIN","x-content-type-options":"nosniff","server-timing":"gfet4t7; dur=1166","alt-svc":"h3-29=\":443\"; ma=2592000,h3-27=\":443\"; ma=2592000,h3-T051=\":443\"; ma=2592000,h3-T050=\":443\"; ma=2592000,h3-Q050=\":443\"; ma=2592000,h3-Q046=\":443\"; ma=2592000,h3-Q043=\":443\"; ma=2592000,quic=\":443\"; ma=2592000; v=\"46,43\"","accept-ranges":"none","transfer-encoding":"chunked"}
[debug] [2020-09-13T17:13:24.451Z] >>> HTTP REQUEST GET https://firebase.googleapis.com/v1beta1/projects/productgrid-8bc97  
 
[debug] [2020-09-13T17:13:25.165Z] <<< HTTP RESPONSE 200 {"content-type":"application/json; charset=UTF-8","vary":"X-Origin, Referer, Origin,Accept-Encoding","date":"Sun, 13 Sep 2020 17:13:25 GMT","server":"ESF","cache-control":"private","x-xss-protection":"0","x-frame-options":"SAMEORIGIN","x-content-type-options":"nosniff","alt-svc":"h3-29=\":443\"; ma=2592000,h3-27=\":443\"; ma=2592000,h3-T051=\":443\"; ma=2592000,h3-T050=\":443\"; ma=2592000,h3-Q050=\":443\"; ma=2592000,h3-Q046=\":443\"; ma=2592000,h3-Q043=\":443\"; ma=2592000,quic=\":443\"; ma=2592000; v=\"46,43\"","accept-ranges":"none","transfer-encoding":"chunked"}
[info] 
[info] === Deploying to 'productgrid-8bc97'...
[info] 
[info] i  deploying hosting 
[debug] [2020-09-13T17:13:25.169Z] >>> HTTP REQUEST POST https://firebasehosting.googleapis.com/v1beta1/sites/productgrid-8bc97/versions  
 {"config":{"rewrites":[{"glob":"**","path":"/index.html"}]},"labels":{"deployment-tool":"cli-firebase"}}
[debug] [2020-09-13T17:13:27.370Z] <<< HTTP RESPONSE 200 {"content-type":"application/json; charset=UTF-8","vary":"X-Origin, Referer, Origin,Accept-Encoding","date":"Sun, 13 Sep 2020 17:13:27 GMT","server":"ESF","cache-control":"private","x-xss-protection":"0","x-frame-options":"SAMEORIGIN","x-content-type-options":"nosniff","alt-svc":"h3-29=\":443\"; ma=2592000,h3-27=\":443\"; ma=2592000,h3-T051=\":443\"; ma=2592000,h3-T050=\":443\"; ma=2592000,h3-Q050=\":443\"; ma=2592000,h3-Q046=\":443\"; ma=2592000,h3-Q043=\":443\"; ma=2592000,quic=\":443\"; ma=2592000; v=\"46,43\"","accept-ranges":"none","transfer-encoding":"chunked"}
[info] i  hosting[productgrid-8bc97]: beginning deploy... 
[info] i  hosting[productgrid-8bc97]: found 33 files in build 
[debug] [2020-09-13T17:13:27.555Z] [hosting] hash cache [YnVpbGQ] stored for 33 files
[debug] [2020-09-13T17:13:27.556Z] [hosting][hash queue][FINAL] {"max":164,"min":19,"avg":43.666666666666664,"active":0,"complete":33,"success":33,"errored":0,"retried":0,"total":33,"elapsed":172}
[debug] [2020-09-13T17:13:27.556Z] >>> HTTP REQUEST POST https://firebasehosting.googleapis.com/v1beta1/sites/productgrid-8bc97/versions/fd9eb61e974695d2:populateFiles  
 <request body omitted>
[debug] [2020-09-13T17:13:29.524Z] <<< HTTP RESPONSE 200 {"content-type":"application/json; charset=UTF-8","vary":"X-Origin, Referer, Origin,Accept-Encoding","date":"Sun, 13 Sep 2020 17:13:29 GMT","server":"ESF","cache-control":"private","x-xss-protection":"0","x-frame-options":"SAMEORIGIN","x-content-type-options":"nosniff","alt-svc":"h3-29=\":443\"; ma=2592000,h3-27=\":443\"; ma=2592000,h3-T051=\":443\"; ma=2592000,h3-T050=\":443\"; ma=2592000,h3-Q050=\":443\"; ma=2592000,h3-Q046=\":443\"; ma=2592000,h3-Q043=\":443\"; ma=2592000,quic=\":443\"; ma=2592000; v=\"46,43\"","accept-ranges":"none","transfer-encoding":"chunked"}
[debug] [2020-09-13T17:13:29.527Z] [hosting][populate queue][FINAL] {"max":1971,"min":1971,"avg":1971,"active":0,"complete":1,"success":1,"errored":0,"retried":0,"total":1,"elapsed":1973}
[debug] [2020-09-13T17:13:29.527Z] [hosting] uploads queued: 6
